CRITICAL - 2023-11-03 00:40:25 --> syntax error, unexpected token "|"
#0 C:\laragon\www\practicacandocodeigniter\system\View\View.php(213): CodeIgniter\View\View->CodeIgniter\View\{closure}()
#1 C:\laragon\www\practicacandocodeigniter\system\Common.php(1094): CodeIgniter\View\View->render('auth/registro', Array, true)
#2 C:\laragon\www\practicacandocodeigniter\app\Controllers\Auth.php(24): view('auth/registro')
#3 C:\laragon\www\practicacandocodeigniter\system\CodeIgniter.php(823): App\Controllers\Auth->registro()
#4 C:\laragon\www\practicacandocodeigniter\system\CodeIgniter.php(410): CodeIgniter\CodeIgniter->runController(Object(App\Controllers\Auth))
#5 C:\laragon\www\practicacandocodeigniter\system\CodeIgniter.php(318): CodeIgniter\CodeIgniter->handleRequest(NULL, Object(Config\Cache), false)
#6 C:\laragon\www\practicacandocodeigniter\public\index.php(37): CodeIgniter\CodeIgniter->run()
#7 {main}
CRITICAL - 2023-11-03 00:40:40 --> Call to undefined function empaty()
#0 C:\laragon\www\practicacandocodeigniter\system\View\View.php(210): include()
#1 C:\laragon\www\practicacandocodeigniter\system\View\View.php(213): CodeIgniter\View\View->CodeIgniter\View\{closure}()
#2 C:\laragon\www\practicacandocodeigniter\system\Common.php(1094): CodeIgniter\View\View->render('auth/registro', Array, true)
#3 C:\laragon\www\practicacandocodeigniter\app\Controllers\Auth.php(24): view('auth/registro')
#4 C:\laragon\www\practicacandocodeigniter\system\CodeIgniter.php(823): App\Controllers\Auth->registro()
#5 C:\laragon\www\practicacandocodeigniter\system\CodeIgniter.php(410): CodeIgniter\CodeIgniter->runController(Object(App\Controllers\Auth))
#6 C:\laragon\www\practicacandocodeigniter\system\CodeIgniter.php(318): CodeIgniter\CodeIgniter->handleRequest(NULL, Object(Config\Cache), false)
#7 C:\laragon\www\practicacandocodeigniter\public\index.php(37): CodeIgniter\CodeIgniter->run()
#8 {main}
CRITICAL - 2023-11-03 00:53:31 --> Object of class App\Controllers\Auth could not be converted to string
#0 C:\laragon\www\practicacandocodeigniter\system\CodeIgniter.php(823): App\Controllers\Auth->grabar()
#1 C:\laragon\www\practicacandocodeigniter\system\CodeIgniter.php(410): CodeIgniter\CodeIgniter->runController(Object(App\Controllers\Auth))
#2 C:\laragon\www\practicacandocodeigniter\system\CodeIgniter.php(318): CodeIgniter\CodeIgniter->handleRequest(NULL, Object(Config\Cache), false)
#3 C:\laragon\www\practicacandocodeigniter\public\index.php(37): CodeIgniter\CodeIgniter->run()
#4 {main}
CRITICAL - 2023-11-03 00:54:21 --> Object of class App\Controllers\Auth could not be converted to string
#0 C:\laragon\www\practicacandocodeigniter\system\CodeIgniter.php(823): App\Controllers\Auth->grabar()
#1 C:\laragon\www\practicacandocodeigniter\system\CodeIgniter.php(410): CodeIgniter\CodeIgniter->runController(Object(App\Controllers\Auth))
#2 C:\laragon\www\practicacandocodeigniter\system\CodeIgniter.php(318): CodeIgniter\CodeIgniter->handleRequest(NULL, Object(Config\Cache), false)
#3 C:\laragon\www\practicacandocodeigniter\public\index.php(37): CodeIgniter\CodeIgniter->run()
#4 {main}
CRITICAL - 2023-11-03 12:02:31 --> Cannot use object of type stdClass as array
#0 C:\laragon\www\practicacandocodeigniter\system\CodeIgniter.php(823): App\Controllers\Auth->logearse()
#1 C:\laragon\www\practicacandocodeigniter\system\CodeIgniter.php(410): CodeIgniter\CodeIgniter->runController(Object(App\Controllers\Auth))
#2 C:\laragon\www\practicacandocodeigniter\system\CodeIgniter.php(318): CodeIgniter\CodeIgniter->handleRequest(NULL, Object(Config\Cache), false)
#3 C:\laragon\www\practicacandocodeigniter\public\index.php(37): CodeIgniter\CodeIgniter->run()
#4 {main}
CRITICAL - 2023-11-03 12:36:59 --> Cannot use object of type stdClass as array
#0 C:\laragon\www\practicacandocodeigniter\system\CodeIgniter.php(823): App\Controllers\Auth->logearse()
#1 C:\laragon\www\practicacandocodeigniter\system\CodeIgniter.php(410): CodeIgniter\CodeIgniter->runController(Object(App\Controllers\Auth))
#2 C:\laragon\www\practicacandocodeigniter\system\CodeIgniter.php(318): CodeIgniter\CodeIgniter->handleRequest(NULL, Object(Config\Cache), false)
#3 C:\laragon\www\practicacandocodeigniter\public\index.php(37): CodeIgniter\CodeIgniter->run()
#4 {main}
CRITICAL - 2023-11-03 12:41:50 --> CodeIgniter\HTTP\RedirectResponse::back(): Argument #1 ($code) must be of type ?int, string given, called in C:\laragon\www\practicacandocodeigniter\app\Controllers\Auth.php on line 131
#0 C:\laragon\www\practicacandocodeigniter\app\Controllers\Auth.php(131): CodeIgniter\HTTP\RedirectResponse->back('/entrar')
#1 C:\laragon\www\practicacandocodeigniter\system\CodeIgniter.php(823): App\Controllers\Auth->logearse()
#2 C:\laragon\www\practicacandocodeigniter\system\CodeIgniter.php(410): CodeIgniter\CodeIgniter->runController(Object(App\Controllers\Auth))
#3 C:\laragon\www\practicacandocodeigniter\system\CodeIgniter.php(318): CodeIgniter\CodeIgniter->handleRequest(NULL, Object(Config\Cache), false)
#4 C:\laragon\www\practicacandocodeigniter\public\index.php(37): CodeIgniter\CodeIgniter->run()
#5 {main}
CRITICAL - 2023-11-03 12:50:31 --> syntax error, unexpected token "endif", expecting end of file
#0 C:\laragon\www\practicacandocodeigniter\system\View\View.php(213): CodeIgniter\View\View->CodeIgniter\View\{closure}()
#1 C:\laragon\www\practicacandocodeigniter\system\Common.php(1094): CodeIgniter\View\View->render('auth/login', Array, true)
#2 C:\laragon\www\practicacandocodeigniter\app\Controllers\Auth.php(121): view('auth/login', Array)
#3 C:\laragon\www\practicacandocodeigniter\system\CodeIgniter.php(823): App\Controllers\Auth->logearse()
#4 C:\laragon\www\practicacandocodeigniter\system\CodeIgniter.php(410): CodeIgniter\CodeIgniter->runController(Object(App\Controllers\Auth))
#5 C:\laragon\www\practicacandocodeigniter\system\CodeIgniter.php(318): CodeIgniter\CodeIgniter->handleRequest(NULL, Object(Config\Cache), false)
#6 C:\laragon\www\practicacandocodeigniter\public\index.php(37): CodeIgniter\CodeIgniter->run()
#7 {main}
CRITICAL - 2023-11-03 14:27:14 --> Undefined variable $titulo
#0 C:\laragon\www\practicacandocodeigniter\app\Views\dashboard\index.php(5): CodeIgniter\Debug\Exceptions->errorHandler(2, 'Undefined varia...', 'C:\\laragon\\www\\...', 5)
#1 C:\laragon\www\practicacandocodeigniter\system\View\View.php(210): include('C:\\laragon\\www\\...')
#2 C:\laragon\www\practicacandocodeigniter\system\View\View.php(213): CodeIgniter\View\View->CodeIgniter\View\{closure}()
#3 C:\laragon\www\practicacandocodeigniter\system\Common.php(1094): CodeIgniter\View\View->render('dashboard/index', Array, true)
#4 C:\laragon\www\practicacandocodeigniter\app\Controllers\Dashboard.php(9): view('dashboard/index')
#5 C:\laragon\www\practicacandocodeigniter\system\CodeIgniter.php(823): App\Controllers\Dashboard->index()
#6 C:\laragon\www\practicacandocodeigniter\system\CodeIgniter.php(410): CodeIgniter\CodeIgniter->runController(Object(App\Controllers\Dashboard))
#7 C:\laragon\www\practicacandocodeigniter\system\CodeIgniter.php(318): CodeIgniter\CodeIgniter->handleRequest(NULL, Object(Config\Cache), false)
#8 C:\laragon\www\practicacandocodeigniter\public\index.php(37): CodeIgniter\CodeIgniter->run()
#9 {main}
CRITICAL - 2023-11-03 16:35:13 --> syntax error, unexpected token "public"
#0 C:\laragon\www\practicacandocodeigniter\system\Autoloader\Autoloader.php(241): CodeIgniter\Autoloader\Autoloader->includeFile('C:\\laragon\\www\\...')
#1 C:\laragon\www\practicacandocodeigniter\system\Autoloader\Autoloader.php(219): CodeIgniter\Autoloader\Autoloader->loadInNamespace('App\\Controllers...')
#2 [internal function]: CodeIgniter\Autoloader\Autoloader->loadClass('App\\Controllers...')
#3 C:\laragon\www\practicacandocodeigniter\system\CodeIgniter.php(788): class_exists('\\App\\Controller...', true)
#4 C:\laragon\www\practicacandocodeigniter\system\CodeIgniter.php(397): CodeIgniter\CodeIgniter->startController()
#5 C:\laragon\www\practicacandocodeigniter\system\CodeIgniter.php(318): CodeIgniter\CodeIgniter->handleRequest(NULL, Object(Config\Cache), false)
#6 C:\laragon\www\practicacandocodeigniter\public\index.php(37): CodeIgniter\CodeIgniter->run()
#7 {main}
CRITICAL - 2023-11-03 16:35:50 --> Unmatched '}'
#0 C:\laragon\www\practicacandocodeigniter\system\Autoloader\Autoloader.php(241): CodeIgniter\Autoloader\Autoloader->includeFile('C:\\laragon\\www\\...')
#1 C:\laragon\www\practicacandocodeigniter\system\Autoloader\Autoloader.php(219): CodeIgniter\Autoloader\Autoloader->loadInNamespace('App\\Controllers...')
#2 [internal function]: CodeIgniter\Autoloader\Autoloader->loadClass('App\\Controllers...')
#3 C:\laragon\www\practicacandocodeigniter\system\CodeIgniter.php(788): class_exists('\\App\\Controller...', true)
#4 C:\laragon\www\practicacandocodeigniter\system\CodeIgniter.php(397): CodeIgniter\CodeIgniter->startController()
#5 C:\laragon\www\practicacandocodeigniter\system\CodeIgniter.php(318): CodeIgniter\CodeIgniter->handleRequest(NULL, Object(Config\Cache), false)
#6 C:\laragon\www\practicacandocodeigniter\public\index.php(37): CodeIgniter\CodeIgniter->run()
#7 {main}
CRITICAL - 2023-11-03 21:45:29 --> Undefined variable $nombre
#0 C:\laragon\www\practicacandocodeigniter\app\Views\dashboard\index.php(5): CodeIgniter\Debug\Exceptions->errorHandler(2, 'Undefined varia...', 'C:\\laragon\\www\\...', 5)
#1 C:\laragon\www\practicacandocodeigniter\system\View\View.php(210): include('C:\\laragon\\www\\...')
#2 C:\laragon\www\practicacandocodeigniter\system\View\View.php(213): CodeIgniter\View\View->CodeIgniter\View\{closure}()
#3 C:\laragon\www\practicacandocodeigniter\system\Common.php(1094): CodeIgniter\View\View->render('dashboard/index', Array, true)
#4 C:\laragon\www\practicacandocodeigniter\app\Controllers\Dashboard.php(16): view('dashboard/index', Array)
#5 C:\laragon\www\practicacandocodeigniter\system\CodeIgniter.php(823): App\Controllers\Dashboard->index()
#6 C:\laragon\www\practicacandocodeigniter\system\CodeIgniter.php(410): CodeIgniter\CodeIgniter->runController(Object(App\Controllers\Dashboard))
#7 C:\laragon\www\practicacandocodeigniter\system\CodeIgniter.php(318): CodeIgniter\CodeIgniter->handleRequest(NULL, Object(Config\Cache), false)
#8 C:\laragon\www\practicacandocodeigniter\public\index.php(37): CodeIgniter\CodeIgniter->run()
#9 {main}
CRITICAL - 2023-11-03 21:45:48 --> Undefined variable $nombre
#0 C:\laragon\www\practicacandocodeigniter\app\Views\dashboard\index.php(5): CodeIgniter\Debug\Exceptions->errorHandler(2, 'Undefined varia...', 'C:\\laragon\\www\\...', 5)
#1 C:\laragon\www\practicacandocodeigniter\system\View\View.php(210): include('C:\\laragon\\www\\...')
#2 C:\laragon\www\practicacandocodeigniter\system\View\View.php(213): CodeIgniter\View\View->CodeIgniter\View\{closure}()
#3 C:\laragon\www\practicacandocodeigniter\system\Common.php(1094): CodeIgniter\View\View->render('dashboard/index', Array, true)
#4 C:\laragon\www\practicacandocodeigniter\app\Controllers\Dashboard.php(16): view('dashboard/index', Array)
#5 C:\laragon\www\practicacandocodeigniter\system\CodeIgniter.php(823): App\Controllers\Dashboard->index()
#6 C:\laragon\www\practicacandocodeigniter\system\CodeIgniter.php(410): CodeIgniter\CodeIgniter->runController(Object(App\Controllers\Dashboard))
#7 C:\laragon\www\practicacandocodeigniter\system\CodeIgniter.php(318): CodeIgniter\CodeIgniter->handleRequest(NULL, Object(Config\Cache), false)
#8 C:\laragon\www\practicacandocodeigniter\public\index.php(37): CodeIgniter\CodeIgniter->run()
#9 {main}
CRITICAL - 2023-11-03 21:46:56 --> Undefined variable $session
#0 C:\laragon\www\practicacandocodeigniter\app\Views\dashboard\index.php(5): CodeIgniter\Debug\Exceptions->errorHandler(2, 'Undefined varia...', 'C:\\laragon\\www\\...', 5)
#1 C:\laragon\www\practicacandocodeigniter\system\View\View.php(210): include('C:\\laragon\\www\\...')
#2 C:\laragon\www\practicacandocodeigniter\system\View\View.php(213): CodeIgniter\View\View->CodeIgniter\View\{closure}()
#3 C:\laragon\www\practicacandocodeigniter\system\Common.php(1094): CodeIgniter\View\View->render('dashboard/index', Array, true)
#4 C:\laragon\www\practicacandocodeigniter\app\Controllers\Dashboard.php(16): view('dashboard/index', Array)
#5 C:\laragon\www\practicacandocodeigniter\system\CodeIgniter.php(823): App\Controllers\Dashboard->index()
#6 C:\laragon\www\practicacandocodeigniter\system\CodeIgniter.php(410): CodeIgniter\CodeIgniter->runController(Object(App\Controllers\Dashboard))
#7 C:\laragon\www\practicacandocodeigniter\system\CodeIgniter.php(318): CodeIgniter\CodeIgniter->handleRequest(NULL, Object(Config\Cache), false)
#8 C:\laragon\www\practicacandocodeigniter\public\index.php(37): CodeIgniter\CodeIgniter->run()
#9 {main}
CRITICAL - 2023-11-03 21:54:13 --> Undefined array key "nombre"
#0 C:\laragon\www\practicacandocodeigniter\app\Views\dashboard\index.php(34): CodeIgniter\Debug\Exceptions->errorHandler(2, 'Undefined array...', 'C:\\laragon\\www\\...', 34)
#1 C:\laragon\www\practicacandocodeigniter\system\View\View.php(210): include('C:\\laragon\\www\\...')
#2 C:\laragon\www\practicacandocodeigniter\system\View\View.php(213): CodeIgniter\View\View->CodeIgniter\View\{closure}()
#3 C:\laragon\www\practicacandocodeigniter\system\Common.php(1094): CodeIgniter\View\View->render('dashboard/index', Array, true)
#4 C:\laragon\www\practicacandocodeigniter\app\Controllers\Dashboard.php(16): view('dashboard/index', Array)
#5 C:\laragon\www\practicacandocodeigniter\system\CodeIgniter.php(823): App\Controllers\Dashboard->index()
#6 C:\laragon\www\practicacandocodeigniter\system\CodeIgniter.php(410): CodeIgniter\CodeIgniter->runController(Object(App\Controllers\Dashboard))
#7 C:\laragon\www\practicacandocodeigniter\system\CodeIgniter.php(318): CodeIgniter\CodeIgniter->handleRequest(NULL, Object(Config\Cache), false)
#8 C:\laragon\www\practicacandocodeigniter\public\index.php(37): CodeIgniter\CodeIgniter->run()
#9 {main}
CRITICAL - 2023-11-03 21:58:53 --> Undefined array key "nombre"
#0 C:\laragon\www\practicacandocodeigniter\app\Views\dashboard\index.php(34): CodeIgniter\Debug\Exceptions->errorHandler(2, 'Undefined array...', 'C:\\laragon\\www\\...', 34)
#1 C:\laragon\www\practicacandocodeigniter\system\View\View.php(210): include('C:\\laragon\\www\\...')
#2 C:\laragon\www\practicacandocodeigniter\system\View\View.php(213): CodeIgniter\View\View->CodeIgniter\View\{closure}()
#3 C:\laragon\www\practicacandocodeigniter\system\Common.php(1094): CodeIgniter\View\View->render('dashboard/index', Array, true)
#4 C:\laragon\www\practicacandocodeigniter\app\Controllers\Dashboard.php(17): view('dashboard/index', Array)
#5 C:\laragon\www\practicacandocodeigniter\system\CodeIgniter.php(823): App\Controllers\Dashboard->index()
#6 C:\laragon\www\practicacandocodeigniter\system\CodeIgniter.php(410): CodeIgniter\CodeIgniter->runController(Object(App\Controllers\Dashboard))
#7 C:\laragon\www\practicacandocodeigniter\system\CodeIgniter.php(318): CodeIgniter\CodeIgniter->handleRequest(NULL, Object(Config\Cache), false)
#8 C:\laragon\www\practicacandocodeigniter\public\index.php(37): CodeIgniter\CodeIgniter->run()
#9 {main}
CRITICAL - 2023-11-03 22:09:51 --> First array member is not a valid class name or object
#0 C:\laragon\www\practicacandocodeigniter\system\View\View.php(210): include()
#1 C:\laragon\www\practicacandocodeigniter\system\View\View.php(213): CodeIgniter\View\View->CodeIgniter\View\{closure}()
#2 C:\laragon\www\practicacandocodeigniter\system\Common.php(1094): CodeIgniter\View\View->render('dashboard/index', Array, true)
#3 C:\laragon\www\practicacandocodeigniter\app\Controllers\Dashboard.php(17): view('dashboard/index', Array)
#4 C:\laragon\www\practicacandocodeigniter\system\CodeIgniter.php(823): App\Controllers\Dashboard->index()
#5 C:\laragon\www\practicacandocodeigniter\system\CodeIgniter.php(410): CodeIgniter\CodeIgniter->runController(Object(App\Controllers\Dashboard))
#6 C:\laragon\www\practicacandocodeigniter\system\CodeIgniter.php(318): CodeIgniter\CodeIgniter->handleRequest(NULL, Object(Config\Cache), false)
#7 C:\laragon\www\practicacandocodeigniter\public\index.php(37): CodeIgniter\CodeIgniter->run()
#8 {main}
CRITICAL - 2023-11-03 22:10:19 --> Undefined array key "nombre"
#0 C:\laragon\www\practicacandocodeigniter\app\Views\dashboard\index.php(10): CodeIgniter\Debug\Exceptions->errorHandler(2, 'Undefined array...', 'C:\\laragon\\www\\...', 10)
#1 C:\laragon\www\practicacandocodeigniter\system\View\View.php(210): include('C:\\laragon\\www\\...')
#2 C:\laragon\www\practicacandocodeigniter\system\View\View.php(213): CodeIgniter\View\View->CodeIgniter\View\{closure}()
#3 C:\laragon\www\practicacandocodeigniter\system\Common.php(1094): CodeIgniter\View\View->render('dashboard/index', Array, true)
#4 C:\laragon\www\practicacandocodeigniter\app\Controllers\Dashboard.php(17): view('dashboard/index', Array)
#5 C:\laragon\www\practicacandocodeigniter\system\CodeIgniter.php(823): App\Controllers\Dashboard->index()
#6 C:\laragon\www\practicacandocodeigniter\system\CodeIgniter.php(410): CodeIgniter\CodeIgniter->runController(Object(App\Controllers\Dashboard))
#7 C:\laragon\www\practicacandocodeigniter\system\CodeIgniter.php(318): CodeIgniter\CodeIgniter->handleRequest(NULL, Object(Config\Cache), false)
#8 C:\laragon\www\practicacandocodeigniter\public\index.php(37): CodeIgniter\CodeIgniter->run()
#9 {main}
CRITICAL - 2023-11-03 22:17:16 --> Undefined array key "nombre"
#0 C:\laragon\www\practicacandocodeigniter\app\Views\dashboard\index.php(10): CodeIgniter\Debug\Exceptions->errorHandler(2, 'Undefined array...', 'C:\\laragon\\www\\...', 10)
#1 C:\laragon\www\practicacandocodeigniter\system\View\View.php(210): include('C:\\laragon\\www\\...')
#2 C:\laragon\www\practicacandocodeigniter\system\View\View.php(213): CodeIgniter\View\View->CodeIgniter\View\{closure}()
#3 C:\laragon\www\practicacandocodeigniter\system\Common.php(1094): CodeIgniter\View\View->render('dashboard/index', Array, true)
#4 C:\laragon\www\practicacandocodeigniter\app\Controllers\Dashboard.php(17): view('dashboard/index', Array)
#5 C:\laragon\www\practicacandocodeigniter\system\CodeIgniter.php(823): App\Controllers\Dashboard->index()
#6 C:\laragon\www\practicacandocodeigniter\system\CodeIgniter.php(410): CodeIgniter\CodeIgniter->runController(Object(App\Controllers\Dashboard))
#7 C:\laragon\www\practicacandocodeigniter\system\CodeIgniter.php(318): CodeIgniter\CodeIgniter->handleRequest(NULL, Object(Config\Cache), false)
#8 C:\laragon\www\practicacandocodeigniter\public\index.php(37): CodeIgniter\CodeIgniter->run()
#9 {main}
CRITICAL - 2023-11-03 22:18:21 --> Undefined variable $usuario
#0 C:\laragon\www\practicacandocodeigniter\app\Views\dashboard\index.php(10): CodeIgniter\Debug\Exceptions->errorHandler(2, 'Undefined varia...', 'C:\\laragon\\www\\...', 10)
#1 C:\laragon\www\practicacandocodeigniter\system\View\View.php(210): include('C:\\laragon\\www\\...')
#2 C:\laragon\www\practicacandocodeigniter\system\View\View.php(213): CodeIgniter\View\View->CodeIgniter\View\{closure}()
#3 C:\laragon\www\practicacandocodeigniter\system\Common.php(1094): CodeIgniter\View\View->render('dashboard/index', Array, true)
#4 C:\laragon\www\practicacandocodeigniter\app\Controllers\Dashboard.php(17): view('dashboard/index', Array)
#5 C:\laragon\www\practicacandocodeigniter\system\CodeIgniter.php(823): App\Controllers\Dashboard->index()
#6 C:\laragon\www\practicacandocodeigniter\system\CodeIgniter.php(410): CodeIgniter\CodeIgniter->runController(Object(App\Controllers\Dashboard))
#7 C:\laragon\www\practicacandocodeigniter\system\CodeIgniter.php(318): CodeIgniter\CodeIgniter->handleRequest(NULL, Object(Config\Cache), false)
#8 C:\laragon\www\practicacandocodeigniter\public\index.php(37): CodeIgniter\CodeIgniter->run()
#9 {main}
CRITICAL - 2023-11-03 22:19:04 --> Undefined array key "nombre"
#0 C:\laragon\www\practicacandocodeigniter\app\Views\dashboard\index.php(10): CodeIgniter\Debug\Exceptions->errorHandler(2, 'Undefined array...', 'C:\\laragon\\www\\...', 10)
#1 C:\laragon\www\practicacandocodeigniter\system\View\View.php(210): include('C:\\laragon\\www\\...')
#2 C:\laragon\www\practicacandocodeigniter\system\View\View.php(213): CodeIgniter\View\View->CodeIgniter\View\{closure}()
#3 C:\laragon\www\practicacandocodeigniter\system\Common.php(1094): CodeIgniter\View\View->render('dashboard/index', Array, true)
#4 C:\laragon\www\practicacandocodeigniter\app\Controllers\Dashboard.php(17): view('dashboard/index', Array)
#5 C:\laragon\www\practicacandocodeigniter\system\CodeIgniter.php(823): App\Controllers\Dashboard->index()
#6 C:\laragon\www\practicacandocodeigniter\system\CodeIgniter.php(410): CodeIgniter\CodeIgniter->runController(Object(App\Controllers\Dashboard))
#7 C:\laragon\www\practicacandocodeigniter\system\CodeIgniter.php(318): CodeIgniter\CodeIgniter->handleRequest(NULL, Object(Config\Cache), false)
#8 C:\laragon\www\practicacandocodeigniter\public\index.php(37): CodeIgniter\CodeIgniter->run()
#9 {main}
CRITICAL - 2023-11-03 22:19:27 --> Undefined array key 0
#0 C:\laragon\www\practicacandocodeigniter\app\Views\dashboard\index.php(10): CodeIgniter\Debug\Exceptions->errorHandler(2, 'Undefined array...', 'C:\\laragon\\www\\...', 10)
#1 C:\laragon\www\practicacandocodeigniter\system\View\View.php(210): include('C:\\laragon\\www\\...')
#2 C:\laragon\www\practicacandocodeigniter\system\View\View.php(213): CodeIgniter\View\View->CodeIgniter\View\{closure}()
#3 C:\laragon\www\practicacandocodeigniter\system\Common.php(1094): CodeIgniter\View\View->render('dashboard/index', Array, true)
#4 C:\laragon\www\practicacandocodeigniter\app\Controllers\Dashboard.php(17): view('dashboard/index', Array)
#5 C:\laragon\www\practicacandocodeigniter\system\CodeIgniter.php(823): App\Controllers\Dashboard->index()
#6 C:\laragon\www\practicacandocodeigniter\system\CodeIgniter.php(410): CodeIgniter\CodeIgniter->runController(Object(App\Controllers\Dashboard))
#7 C:\laragon\www\practicacandocodeigniter\system\CodeIgniter.php(318): CodeIgniter\CodeIgniter->handleRequest(NULL, Object(Config\Cache), false)
#8 C:\laragon\www\practicacandocodeigniter\public\index.php(37): CodeIgniter\CodeIgniter->run()
#9 {main}
CRITICAL - 2023-11-03 22:24:37 --> Array callback must have exactly two elements
#0 C:\laragon\www\practicacandocodeigniter\system\View\View.php(210): include()
#1 C:\laragon\www\practicacandocodeigniter\system\View\View.php(213): CodeIgniter\View\View->CodeIgniter\View\{closure}()
#2 C:\laragon\www\practicacandocodeigniter\system\Common.php(1094): CodeIgniter\View\View->render('dashboard/index', Array, true)
#3 C:\laragon\www\practicacandocodeigniter\app\Controllers\Dashboard.php(17): view('dashboard/index', Array)
#4 C:\laragon\www\practicacandocodeigniter\system\CodeIgniter.php(823): App\Controllers\Dashboard->index()
#5 C:\laragon\www\practicacandocodeigniter\system\CodeIgniter.php(410): CodeIgniter\CodeIgniter->runController(Object(App\Controllers\Dashboard))
#6 C:\laragon\www\practicacandocodeigniter\system\CodeIgniter.php(318): CodeIgniter\CodeIgniter->handleRequest(NULL, Object(Config\Cache), false)
#7 C:\laragon\www\practicacandocodeigniter\public\index.php(37): CodeIgniter\CodeIgniter->run()
#8 {main}
CRITICAL - 2023-11-03 22:26:48 --> Cannot access offset of type string on string
#0 C:\laragon\www\practicacandocodeigniter\system\View\View.php(210): include()
#1 C:\laragon\www\practicacandocodeigniter\system\View\View.php(213): CodeIgniter\View\View->CodeIgniter\View\{closure}()
#2 C:\laragon\www\practicacandocodeigniter\system\Common.php(1094): CodeIgniter\View\View->render('dashboard/index', Array, true)
#3 C:\laragon\www\practicacandocodeigniter\app\Controllers\Dashboard.php(17): view('dashboard/index', Array)
#4 C:\laragon\www\practicacandocodeigniter\system\CodeIgniter.php(823): App\Controllers\Dashboard->index()
#5 C:\laragon\www\practicacandocodeigniter\system\CodeIgniter.php(410): CodeIgniter\CodeIgniter->runController(Object(App\Controllers\Dashboard))
#6 C:\laragon\www\practicacandocodeigniter\system\CodeIgniter.php(318): CodeIgniter\CodeIgniter->handleRequest(NULL, Object(Config\Cache), false)
#7 C:\laragon\www\practicacandocodeigniter\public\index.php(37): CodeIgniter\CodeIgniter->run()
#8 {main}
CRITICAL - 2023-11-03 22:28:04 --> Cannot access offset of type string on string
#0 C:\laragon\www\practicacandocodeigniter\system\View\View.php(210): include()
#1 C:\laragon\www\practicacandocodeigniter\system\View\View.php(213): CodeIgniter\View\View->CodeIgniter\View\{closure}()
#2 C:\laragon\www\practicacandocodeigniter\system\Common.php(1094): CodeIgniter\View\View->render('dashboard/index', Array, true)
#3 C:\laragon\www\practicacandocodeigniter\app\Controllers\Dashboard.php(17): view('dashboard/index', Array)
#4 C:\laragon\www\practicacandocodeigniter\system\CodeIgniter.php(823): App\Controllers\Dashboard->index()
#5 C:\laragon\www\practicacandocodeigniter\system\CodeIgniter.php(410): CodeIgniter\CodeIgniter->runController(Object(App\Controllers\Dashboard))
#6 C:\laragon\www\practicacandocodeigniter\system\CodeIgniter.php(318): CodeIgniter\CodeIgniter->handleRequest(NULL, Object(Config\Cache), false)
#7 C:\laragon\www\practicacandocodeigniter\public\index.php(37): CodeIgniter\CodeIgniter->run()
#8 {main}
CRITICAL - 2023-11-03 22:28:46 --> Undefined array key "nombre"
#0 C:\laragon\www\practicacandocodeigniter\app\Views\dashboard\index.php(12): CodeIgniter\Debug\Exceptions->errorHandler(2, 'Undefined array...', 'C:\\laragon\\www\\...', 12)
#1 C:\laragon\www\practicacandocodeigniter\system\View\View.php(210): include('C:\\laragon\\www\\...')
#2 C:\laragon\www\practicacandocodeigniter\system\View\View.php(213): CodeIgniter\View\View->CodeIgniter\View\{closure}()
#3 C:\laragon\www\practicacandocodeigniter\system\Common.php(1094): CodeIgniter\View\View->render('dashboard/index', Array, true)
#4 C:\laragon\www\practicacandocodeigniter\app\Controllers\Dashboard.php(17): view('dashboard/index', Array)
#5 C:\laragon\www\practicacandocodeigniter\system\CodeIgniter.php(823): App\Controllers\Dashboard->index()
#6 C:\laragon\www\practicacandocodeigniter\system\CodeIgniter.php(410): CodeIgniter\CodeIgniter->runController(Object(App\Controllers\Dashboard))
#7 C:\laragon\www\practicacandocodeigniter\system\CodeIgniter.php(318): CodeIgniter\CodeIgniter->handleRequest(NULL, Object(Config\Cache), false)
#8 C:\laragon\www\practicacandocodeigniter\public\index.php(37): CodeIgniter\CodeIgniter->run()
#9 {main}
CRITICAL - 2023-11-03 22:29:16 --> Array to string conversion
#0 C:\laragon\www\practicacandocodeigniter\app\Views\dashboard\index.php(12): CodeIgniter\Debug\Exceptions->errorHandler(2, 'Array to string...', 'C:\\laragon\\www\\...', 12)
#1 C:\laragon\www\practicacandocodeigniter\system\View\View.php(210): include('C:\\laragon\\www\\...')
#2 C:\laragon\www\practicacandocodeigniter\system\View\View.php(213): CodeIgniter\View\View->CodeIgniter\View\{closure}()
#3 C:\laragon\www\practicacandocodeigniter\system\Common.php(1094): CodeIgniter\View\View->render('dashboard/index', Array, true)
#4 C:\laragon\www\practicacandocodeigniter\app\Controllers\Dashboard.php(17): view('dashboard/index', Array)
#5 C:\laragon\www\practicacandocodeigniter\system\CodeIgniter.php(823): App\Controllers\Dashboard->index()
#6 C:\laragon\www\practicacandocodeigniter\system\CodeIgniter.php(410): CodeIgniter\CodeIgniter->runController(Object(App\Controllers\Dashboard))
#7 C:\laragon\www\practicacandocodeigniter\system\CodeIgniter.php(318): CodeIgniter\CodeIgniter->handleRequest(NULL, Object(Config\Cache), false)
#8 C:\laragon\www\practicacandocodeigniter\public\index.php(37): CodeIgniter\CodeIgniter->run()
#9 {main}
CRITICAL - 2023-11-03 22:29:36 --> Array to string conversion
#0 C:\laragon\www\practicacandocodeigniter\app\Views\dashboard\index.php(12): CodeIgniter\Debug\Exceptions->errorHandler(2, 'Array to string...', 'C:\\laragon\\www\\...', 12)
#1 C:\laragon\www\practicacandocodeigniter\system\View\View.php(210): include('C:\\laragon\\www\\...')
#2 C:\laragon\www\practicacandocodeigniter\system\View\View.php(213): CodeIgniter\View\View->CodeIgniter\View\{closure}()
#3 C:\laragon\www\practicacandocodeigniter\system\Common.php(1094): CodeIgniter\View\View->render('dashboard/index', Array, true)
#4 C:\laragon\www\practicacandocodeigniter\app\Controllers\Dashboard.php(17): view('dashboard/index', Array)
#5 C:\laragon\www\practicacandocodeigniter\system\CodeIgniter.php(823): App\Controllers\Dashboard->index()
#6 C:\laragon\www\practicacandocodeigniter\system\CodeIgniter.php(410): CodeIgniter\CodeIgniter->runController(Object(App\Controllers\Dashboard))
#7 C:\laragon\www\practicacandocodeigniter\system\CodeIgniter.php(318): CodeIgniter\CodeIgniter->handleRequest(NULL, Object(Config\Cache), false)
#8 C:\laragon\www\practicacandocodeigniter\public\index.php(37): CodeIgniter\CodeIgniter->run()
#9 {main}
CRITICAL - 2023-11-03 23:08:43 --> Loginfiltro filter must have a matching alias defined.
#0 C:\laragon\www\practicacandocodeigniter\system\Filters\Filters.php(493): CodeIgniter\Filters\Exceptions\FilterException::forNoAlias('Loginfiltro')
#1 C:\laragon\www\practicacandocodeigniter\system\Filters\Filters.php(243): CodeIgniter\Filters\Filters->processAliasesToClass('before')
#2 C:\laragon\www\practicacandocodeigniter\system\Filters\Filters.php(163): CodeIgniter\Filters\Filters->initialize('registrar')
#3 C:\laragon\www\practicacandocodeigniter\system\CodeIgniter.php(384): CodeIgniter\Filters\Filters->run('registrar', 'before')
#4 C:\laragon\www\practicacandocodeigniter\system\CodeIgniter.php(318): CodeIgniter\CodeIgniter->handleRequest(NULL, Object(Config\Cache), false)
#5 C:\laragon\www\practicacandocodeigniter\public\index.php(37): CodeIgniter\CodeIgniter->run()
#6 {main}
CRITICAL - 2023-11-03 23:08:54 --> Loginfiltro filter must have a matching alias defined.
#0 C:\laragon\www\practicacandocodeigniter\system\Filters\Filters.php(493): CodeIgniter\Filters\Exceptions\FilterException::forNoAlias('Loginfiltro')
#1 C:\laragon\www\practicacandocodeigniter\system\Filters\Filters.php(243): CodeIgniter\Filters\Filters->processAliasesToClass('before')
#2 C:\laragon\www\practicacandocodeigniter\system\Filters\Filters.php(163): CodeIgniter\Filters\Filters->initialize('registrar')
#3 C:\laragon\www\practicacandocodeigniter\system\CodeIgniter.php(384): CodeIgniter\Filters\Filters->run('registrar', 'before')
#4 C:\laragon\www\practicacandocodeigniter\system\CodeIgniter.php(318): CodeIgniter\CodeIgniter->handleRequest(NULL, Object(Config\Cache), false)
#5 C:\laragon\www\practicacandocodeigniter\public\index.php(37): CodeIgniter\CodeIgniter->run()
#6 {main}
CRITICAL - 2023-11-03 23:08:59 --> Loginfiltro filter must have a matching alias defined.
#0 C:\laragon\www\practicacandocodeigniter\system\Filters\Filters.php(493): CodeIgniter\Filters\Exceptions\FilterException::forNoAlias('Loginfiltro')
#1 C:\laragon\www\practicacandocodeigniter\system\Filters\Filters.php(243): CodeIgniter\Filters\Filters->processAliasesToClass('before')
#2 C:\laragon\www\practicacandocodeigniter\system\Filters\Filters.php(163): CodeIgniter\Filters\Filters->initialize('registrar')
#3 C:\laragon\www\practicacandocodeigniter\system\CodeIgniter.php(384): CodeIgniter\Filters\Filters->run('registrar', 'before')
#4 C:\laragon\www\practicacandocodeigniter\system\CodeIgniter.php(318): CodeIgniter\CodeIgniter->handleRequest(NULL, Object(Config\Cache), false)
#5 C:\laragon\www\practicacandocodeigniter\public\index.php(37): CodeIgniter\CodeIgniter->run()
#6 {main}
CRITICAL - 2023-11-03 23:32:01 --> syntax error, unexpected fully qualified name "\App\Models\UsuarioModel", expecting "{"
#0 C:\laragon\www\practicacandocodeigniter\system\Autoloader\Autoloader.php(241): CodeIgniter\Autoloader\Autoloader->includeFile('C:\\laragon\\www\\...')
#1 C:\laragon\www\practicacandocodeigniter\system\Autoloader\Autoloader.php(219): CodeIgniter\Autoloader\Autoloader->loadInNamespace('App\\Controllers...')
#2 [internal function]: CodeIgniter\Autoloader\Autoloader->loadClass('App\\Controllers...')
#3 C:\laragon\www\practicacandocodeigniter\system\CodeIgniter.php(788): class_exists('\\App\\Controller...', true)
#4 C:\laragon\www\practicacandocodeigniter\system\CodeIgniter.php(397): CodeIgniter\CodeIgniter->startController()
#5 C:\laragon\www\practicacandocodeigniter\system\CodeIgniter.php(318): CodeIgniter\CodeIgniter->handleRequest(NULL, Object(Config\Cache), false)
#6 C:\laragon\www\practicacandocodeigniter\public\index.php(37): CodeIgniter\CodeIgniter->run()
#7 {main}
CRITICAL - 2023-11-03 23:41:17 --> syntax error, unexpected single-quoted string "after", expecting variable
#0 C:\laragon\www\practicacandocodeigniter\system\Autoloader\Autoloader.php(241): CodeIgniter\Autoloader\Autoloader->includeFile('C:\\laragon\\www\\...')
#1 C:\laragon\www\practicacandocodeigniter\system\Autoloader\Autoloader.php(219): CodeIgniter\Autoloader\Autoloader->loadInNamespace('Config\\Filters')
#2 [internal function]: CodeIgniter\Autoloader\Autoloader->loadClass('Config\\Filters')
#3 C:\laragon\www\practicacandocodeigniter\system\Config\Factories.php(136): class_exists('Config\\Filters')
#4 C:\laragon\www\practicacandocodeigniter\system\Config\Factories.php(106): CodeIgniter\Config\Factories::locateClass(Array, 'Filters')
#5 C:\laragon\www\practicacandocodeigniter\system\Common.php(198): CodeIgniter\Config\Factories::__callStatic('config', Array)
#6 C:\laragon\www\practicacandocodeigniter\system\Config\Services.php(258): config('Filters')
#7 C:\laragon\www\practicacandocodeigniter\system\Config\BaseService.php(248): CodeIgniter\Config\Services::filters(NULL, false)
#8 C:\laragon\www\practicacandocodeigniter\system\Config\BaseService.php(189): CodeIgniter\Config\BaseService::__callStatic('filters', Array)
#9 C:\laragon\www\practicacandocodeigniter\system\Config\Services.php(255): CodeIgniter\Config\BaseService::getSharedInstance('filters', NULL)
#10 C:\laragon\www\practicacandocodeigniter\system\Config\BaseService.php(248): CodeIgniter\Config\Services::filters()
#11 C:\laragon\www\practicacandocodeigniter\system\CodeIgniter.php(364): CodeIgniter\Config\BaseService::__callStatic('filters', Array)
#12 C:\laragon\www\practicacandocodeigniter\system\CodeIgniter.php(318): CodeIgniter\CodeIgniter->handleRequest(NULL, Object(Config\Cache), false)
#13 C:\laragon\www\practicacandocodeigniter\public\index.php(37): CodeIgniter\CodeIgniter->run()
#14 {main}
CRITICAL - 2023-11-03 23:44:01 --> FilterAdmin filter must have a matching alias defined.
#0 C:\laragon\www\practicacandocodeigniter\system\Filters\Filters.php(493): CodeIgniter\Filters\Exceptions\FilterException::forNoAlias('FilterAdmin')
#1 C:\laragon\www\practicacandocodeigniter\system\Filters\Filters.php(244): CodeIgniter\Filters\Filters->processAliasesToClass('after')
#2 C:\laragon\www\practicacandocodeigniter\system\Filters\Filters.php(163): CodeIgniter\Filters\Filters->initialize('logearse')
#3 C:\laragon\www\practicacandocodeigniter\system\CodeIgniter.php(384): CodeIgniter\Filters\Filters->run('logearse', 'before')
#4 C:\laragon\www\practicacandocodeigniter\system\CodeIgniter.php(318): CodeIgniter\CodeIgniter->handleRequest(NULL, Object(Config\Cache), false)
#5 C:\laragon\www\practicacandocodeigniter\public\index.php(37): CodeIgniter\CodeIgniter->run()
#6 {main}
CRITICAL - 2023-11-03 23:44:53 --> FilterAdmin filter must have a matching alias defined.
#0 C:\laragon\www\practicacandocodeigniter\system\Filters\Filters.php(493): CodeIgniter\Filters\Exceptions\FilterException::forNoAlias('FilterAdmin')
#1 C:\laragon\www\practicacandocodeigniter\system\Filters\Filters.php(244): CodeIgniter\Filters\Filters->processAliasesToClass('after')
#2 C:\laragon\www\practicacandocodeigniter\system\Filters\Filters.php(163): CodeIgniter\Filters\Filters->initialize('logearse')
#3 C:\laragon\www\practicacandocodeigniter\system\CodeIgniter.php(384): CodeIgniter\Filters\Filters->run('logearse', 'before')
#4 C:\laragon\www\practicacandocodeigniter\system\CodeIgniter.php(318): CodeIgniter\CodeIgniter->handleRequest(NULL, Object(Config\Cache), false)
#5 C:\laragon\www\practicacandocodeigniter\public\index.php(37): CodeIgniter\CodeIgniter->run()
#6 {main}
