CRITICAL - 2023-11-08 10:05:15 --> strpos(): Passing null to parameter #1 ($haystack) of type string is deprecated
#0 [internal function]: CodeIgniter\Debug\Exceptions->errorHandler(8192, 'strpos(): Passi...', 'C:\\laragon\\www\\...', 413)
#1 C:\laragon\www\practicacandocodeigniter\system\Debug\Toolbar.php(413): strpos(NULL, '<head>')
#2 C:\laragon\www\practicacandocodeigniter\system\Filters\DebugToolbar.php(40): CodeIgniter\Debug\Toolbar->prepare(Object(CodeIgniter\HTTP\IncomingRequest), Object(CodeIgniter\HTTP\RedirectResponse))
#3 C:\laragon\www\practicacandocodeigniter\system\Filters\Filters.php(196): CodeIgniter\Filters\DebugToolbar->after(Object(CodeIgniter\HTTP\IncomingRequest), Object(CodeIgniter\HTTP\RedirectResponse), NULL)
#4 C:\laragon\www\practicacandocodeigniter\system\CodeIgniter.php(427): CodeIgniter\Filters\Filters->run('entrar', 'after')
#5 C:\laragon\www\practicacandocodeigniter\system\CodeIgniter.php(318): CodeIgniter\CodeIgniter->handleRequest(NULL, Object(Config\Cache), false)
#6 C:\laragon\www\practicacandocodeigniter\public\index.php(37): CodeIgniter\CodeIgniter->run()
#7 {main}
CRITICAL - 2023-11-08 10:05:34 --> strpos(): Passing null to parameter #1 ($haystack) of type string is deprecated
#0 [internal function]: CodeIgniter\Debug\Exceptions->errorHandler(8192, 'strpos(): Passi...', 'C:\\laragon\\www\\...', 413)
#1 C:\laragon\www\practicacandocodeigniter\system\Debug\Toolbar.php(413): strpos(NULL, '<head>')
#2 C:\laragon\www\practicacandocodeigniter\system\Filters\DebugToolbar.php(40): CodeIgniter\Debug\Toolbar->prepare(Object(CodeIgniter\HTTP\IncomingRequest), Object(CodeIgniter\HTTP\RedirectResponse))
#3 C:\laragon\www\practicacandocodeigniter\system\Filters\Filters.php(196): CodeIgniter\Filters\DebugToolbar->after(Object(CodeIgniter\HTTP\IncomingRequest), Object(CodeIgniter\HTTP\RedirectResponse), NULL)
#4 C:\laragon\www\practicacandocodeigniter\system\CodeIgniter.php(427): CodeIgniter\Filters\Filters->run('entrar', 'after')
#5 C:\laragon\www\practicacandocodeigniter\system\CodeIgniter.php(318): CodeIgniter\CodeIgniter->handleRequest(NULL, Object(Config\Cache), false)
#6 C:\laragon\www\practicacandocodeigniter\public\index.php(37): CodeIgniter\CodeIgniter->run()
#7 {main}
CRITICAL - 2023-11-08 10:07:42 --> strpos(): Passing null to parameter #1 ($haystack) of type string is deprecated
#0 [internal function]: CodeIgniter\Debug\Exceptions->errorHandler(8192, 'strpos(): Passi...', 'C:\\laragon\\www\\...', 413)
#1 C:\laragon\www\practicacandocodeigniter\system\Debug\Toolbar.php(413): strpos(NULL, '<head>')
#2 C:\laragon\www\practicacandocodeigniter\system\Filters\DebugToolbar.php(40): CodeIgniter\Debug\Toolbar->prepare(Object(CodeIgniter\HTTP\IncomingRequest), Object(CodeIgniter\HTTP\RedirectResponse))
#3 C:\laragon\www\practicacandocodeigniter\system\Filters\Filters.php(196): CodeIgniter\Filters\DebugToolbar->after(Object(CodeIgniter\HTTP\IncomingRequest), Object(CodeIgniter\HTTP\RedirectResponse), NULL)
#4 C:\laragon\www\practicacandocodeigniter\system\CodeIgniter.php(427): CodeIgniter\Filters\Filters->run('entrar', 'after')
#5 C:\laragon\www\practicacandocodeigniter\system\CodeIgniter.php(318): CodeIgniter\CodeIgniter->handleRequest(NULL, Object(Config\Cache), false)
#6 C:\laragon\www\practicacandocodeigniter\public\index.php(37): CodeIgniter\CodeIgniter->run()
#7 {main}
CRITICAL - 2023-11-08 10:08:12 --> strpos(): Passing null to parameter #1 ($haystack) of type string is deprecated
#0 [internal function]: CodeIgniter\Debug\Exceptions->errorHandler(8192, 'strpos(): Passi...', 'C:\\laragon\\www\\...', 413)
#1 C:\laragon\www\practicacandocodeigniter\system\Debug\Toolbar.php(413): strpos(NULL, '<head>')
#2 C:\laragon\www\practicacandocodeigniter\system\Filters\DebugToolbar.php(40): CodeIgniter\Debug\Toolbar->prepare(Object(CodeIgniter\HTTP\IncomingRequest), Object(CodeIgniter\HTTP\RedirectResponse))
#3 C:\laragon\www\practicacandocodeigniter\system\Filters\Filters.php(196): CodeIgniter\Filters\DebugToolbar->after(Object(CodeIgniter\HTTP\IncomingRequest), Object(CodeIgniter\HTTP\RedirectResponse), NULL)
#4 C:\laragon\www\practicacandocodeigniter\system\CodeIgniter.php(427): CodeIgniter\Filters\Filters->run('entrar', 'after')
#5 C:\laragon\www\practicacandocodeigniter\system\CodeIgniter.php(318): CodeIgniter\CodeIgniter->handleRequest(NULL, Object(Config\Cache), false)
#6 C:\laragon\www\practicacandocodeigniter\public\index.php(37): CodeIgniter\CodeIgniter->run()
#7 {main}
CRITICAL - 2023-11-08 10:08:13 --> strpos(): Passing null to parameter #1 ($haystack) of type string is deprecated
#0 [internal function]: CodeIgniter\Debug\Exceptions->errorHandler(8192, 'strpos(): Passi...', 'C:\\laragon\\www\\...', 413)
#1 C:\laragon\www\practicacandocodeigniter\system\Debug\Toolbar.php(413): strpos(NULL, '<head>')
#2 C:\laragon\www\practicacandocodeigniter\system\Filters\DebugToolbar.php(40): CodeIgniter\Debug\Toolbar->prepare(Object(CodeIgniter\HTTP\IncomingRequest), Object(CodeIgniter\HTTP\RedirectResponse))
#3 C:\laragon\www\practicacandocodeigniter\system\Filters\Filters.php(196): CodeIgniter\Filters\DebugToolbar->after(Object(CodeIgniter\HTTP\IncomingRequest), Object(CodeIgniter\HTTP\RedirectResponse), NULL)
#4 C:\laragon\www\practicacandocodeigniter\system\CodeIgniter.php(427): CodeIgniter\Filters\Filters->run('entrar', 'after')
#5 C:\laragon\www\practicacandocodeigniter\system\CodeIgniter.php(318): CodeIgniter\CodeIgniter->handleRequest(NULL, Object(Config\Cache), false)
#6 C:\laragon\www\practicacandocodeigniter\public\index.php(37): CodeIgniter\CodeIgniter->run()
#7 {main}
